<?xml version="1.0" encoding="UTF-8" ?>
<testsuite tests="1" failures="0" name="org.openmrs.contrib.kenyaemr.qaframework.RunTest" time="0.012" errors="1" skipped="0">
  <properties>
[...]
</properties>
  <testcase classname="org.openmrs.contrib.kenyaemr.qaframework.RunTest" name="initializationError" time="0.012">
    <error message="Illegal character in path at index 0:  org/openmrs/contrib/kenyaemr/qaframework/automation" type="java.lang.IllegalArgumentException">java.lang.IllegalArgumentException: Illegal character in path at index 0:  org/openmrs/contrib/kenyaemr/qaframework/automation
	at java.net.URI.create(URI.java:852)
	at io.cucumber.core.feature.GluePath.parseAssumeClasspathScheme(GluePath.java:71)
	at io.cucumber.core.feature.GluePath.parse(GluePath.java:55)
	at io.cucumber.core.options.CucumberOptionsAnnotationParser.addGlue(CucumberOptionsAnnotationParser.java:135)
	at io.cucumber.core.options.CucumberOptionsAnnotationParser.parse(CucumberOptionsAnnotationParser.java:46)
	at io.cucumber.junit.Cucumber.&lt;init&gt;(Cucumber.java:122)
	at sun.reflect.NativeConstructorAccessorImpl.newInstance0(Native Method)
	at sun.reflect.NativeConstructorAccessorImpl.newInstance(NativeConstructorAccessorImpl.java:62)
	at sun.reflect.DelegatingConstructorAccessorImpl.newInstance(DelegatingConstructorAccessorImpl.java:45)
	at java.lang.reflect.Constructor.newInstance(Constructor.java:423)
	at org.junit.internal.builders.AnnotatedBuilder.buildRunner(AnnotatedBuilder.java:104)
	at org.junit.internal.builders.AnnotatedBuilder.runnerForClass(AnnotatedBuilder.java:86)
	at org.junit.runners.model.RunnerBuilder.safeRunnerForClass(RunnerBuilder.java:70)
	at org.junit.internal.builders.AllDefaultPossibilitiesBuilder.runnerForClass(AllDefaultPossibilitiesBuilder.java:37)
	at org.junit.runners.model.RunnerBuilder.safeRunnerForClass(RunnerBuilder.java:70)
	at org.junit.internal.requests.ClassRequest.createRunner(ClassRequest.java:28)
	at org.junit.internal.requests.MemoizingRequest.getRunner(MemoizingRequest.java:19)
	at org.apache.maven.surefire.junit4.JUnit4Provider.execute(JUnit4Provider.java:250)
	at org.apache.maven.surefire.junit4.JUnit4Provider.executeTestSet(JUnit4Provider.java:141)
	at org.apache.maven.surefire.junit4.JUnit4Provider.invoke(JUnit4Provider.java:112)
	at sun.reflect.NativeMethodAccessorImpl.invoke0(Native Method)
	at sun.reflect.NativeMethodAccessorImpl.invoke(NativeMethodAccessorImpl.java:62)
	at sun.reflect.DelegatingMethodAccessorImpl.invoke(DelegatingMethodAccessorImpl.java:43)
	at java.lang.reflect.Method.invoke(Method.java:498)
	at org.apache.maven.surefire.util.ReflectionUtils.invokeMethodWithArray(ReflectionUtils.java:189)
	at org.apache.maven.surefire.booter.ProviderFactory$ProviderProxy.invoke(ProviderFactory.java:165)
	at org.apache.maven.surefire.booter.ProviderFactory.invokeProvider(ProviderFactory.java:85)
	at org.apache.maven.surefire.booter.ForkedBooter.runSuitesInProcess(ForkedBooter.java:115)
	at org.apache.maven.surefire.booter.ForkedBooter.main(ForkedBooter.java:75)
Caused by: java.net.URISyntaxException: Illegal character in path at index 0:  org/openmrs/contrib/kenyaemr/qaframework/automation
	at java.net.URI$Parser.fail(URI.java:2847)
	at java.net.URI$Parser.checkChars(URI.java:3020)
	at java.net.URI$Parser.parseHierarchical(URI.java:3104)
	at java.net.URI$Parser.parse(URI.java:3062)
	at java.net.URI.&lt;init&gt;(URI.java:588)
	at java.net.URI.create(URI.java:850)
	... 28 more
</error>
  </testcase>
</testsuite>